{"/Users/lmonninger/Desktop/Dev/pay-portal/packages/rgfm/src/Rgfm/getComponentMembers.ts": {"path":"/Users/lmonninger/Desktop/Dev/pay-portal/packages/rgfm/src/Rgfm/getComponentMembers.ts","statementMap":{"0":{"start":{"line":16,"column":34},"end":{"line":43,"column":1}},"1":{"start":{"line":20,"column":4},"end":{"line":22,"column":5}},"2":{"start":{"line":21,"column":8},"end":{"line":21,"column":25}},"3":{"start":{"line":24,"column":26},"end":{"line":33,"column":19}},"4":{"start":{"line":27,"column":16},"end":{"line":31,"column":25}},"5":{"start":{"line":37,"column":4},"end":{"line":39,"column":5}},"6":{"start":{"line":38,"column":8},"end":{"line":38,"column":147}},"7":{"start":{"line":41,"column":4},"end":{"line":41,"column":62}},"8":{"start":{"line":51,"column":36},"end":{"line":63,"column":1}},"9":{"start":{"line":56,"column":4},"end":{"line":61,"column":10}},"10":{"start":{"line":57,"column":8},"end":{"line":60,"column":9}}},"fnMap":{"0":{"name":"(anonymous_0)","decl":{"start":{"line":16,"column":34},"end":{"line":16,"column":35}},"loc":{"start":{"line":18,"column":34},"end":{"line":43,"column":1}},"line":18},"1":{"name":"(anonymous_1)","decl":{"start":{"line":25,"column":46},"end":{"line":25,"column":47}},"loc":{"start":{"line":25,"column":55},"end":{"line":33,"column":13}},"line":25},"2":{"name":"(anonymous_2)","decl":{"start":{"line":51,"column":36},"end":{"line":51,"column":37}},"loc":{"start":{"line":54,"column":18},"end":{"line":63,"column":1}},"line":54},"3":{"name":"(anonymous_3)","decl":{"start":{"line":56,"column":39},"end":{"line":56,"column":40}},"loc":{"start":{"line":56,"column":58},"end":{"line":61,"column":5}},"line":56}},"branchMap":{"0":{"loc":{"start":{"line":20,"column":4},"end":{"line":22,"column":5}},"type":"if","locations":[{"start":{"line":20,"column":4},"end":{"line":22,"column":5}},{"start":{"line":20,"column":4},"end":{"line":22,"column":5}}],"line":20},"1":{"loc":{"start":{"line":24,"column":26},"end":{"line":33,"column":19}},"type":"cond-expr","locations":[{"start":{"line":25,"column":12},"end":{"line":33,"column":14}},{"start":{"line":33,"column":17},"end":{"line":33,"column":19}}],"line":24},"2":{"loc":{"start":{"line":27,"column":23},"end":{"line":31,"column":25}},"type":"cond-expr","locations":[{"start":{"line":28,"column":20},"end":{"line":30,"column":21}},{"start":{"line":31,"column":20},"end":{"line":31,"column":25}}],"line":27},"3":{"loc":{"start":{"line":28,"column":20},"end":{"line":30,"column":21}},"type":"cond-expr","locations":[{"start":{"line":28,"column":47},"end":{"line":28,"column":80}},{"start":{"line":29,"column":24},"end":{"line":29,"column":106}}],"line":28},"4":{"loc":{"start":{"line":29,"column":24},"end":{"line":29,"column":106}},"type":"cond-expr","locations":[{"start":{"line":29,"column":58},"end":{"line":29,"column":98}},{"start":{"line":29,"column":101},"end":{"line":29,"column":106}}],"line":29},"5":{"loc":{"start":{"line":37,"column":4},"end":{"line":39,"column":5}},"type":"if","locations":[{"start":{"line":37,"column":4},"end":{"line":39,"column":5}},{"start":{"line":37,"column":4},"end":{"line":39,"column":5}}],"line":37},"6":{"loc":{"start":{"line":41,"column":11},"end":{"line":41,"column":62}},"type":"cond-expr","locations":[{"start":{"line":41,"column":34},"end":{"line":41,"column":50}},{"start":{"line":41,"column":53},"end":{"line":41,"column":62}}],"line":41}},"s":{"0":1,"1":100,"2":0,"3":100,"4":10000,"5":100,"6":0,"7":100,"8":1,"9":0,"10":0},"f":{"0":100,"1":10000,"2":0,"3":0},"b":{"0":[0,100],"1":[100,0],"2":[10000,0],"3":[10000,0],"4":[0,0],"5":[0,100],"6":[100,0]},"_coverageSchema":"1a1c01bbd47fc00a2c39e90264f33305004495a9","hash":"6f9d940837c30c6c7bdc7a1ab92b4b8cc1905980"}
,"/Users/lmonninger/Desktop/Dev/pay-portal/packages/rgfm/src/__test__/generateComponentMembers.tsx": {"path":"/Users/lmonninger/Desktop/Dev/pay-portal/packages/rgfm/src/__test__/generateComponentMembers.tsx","statementMap":{"0":{"start":{"line":10,"column":24},"end":{"line":25,"column":1}},"1":{"start":{"line":18,"column":4},"end":{"line":23,"column":10}},"2":{"start":{"line":19,"column":8},"end":{"line":22,"column":9}},"3":{"start":{"line":32,"column":34},"end":{"line":48,"column":1}},"4":{"start":{"line":36,"column":7},"end":{"line":44,"column":5}},"5":{"start":{"line":39,"column":12},"end":{"line":41,"column":13}},"6":{"start":{"line":46,"column":4},"end":{"line":46,"column":20}},"7":{"start":{"line":54,"column":38},"end":{"line":66,"column":1}},"8":{"start":{"line":60,"column":4},"end":{"line":65,"column":40}},"9":{"start":{"line":61,"column":8},"end":{"line":64,"column":9}},"10":{"start":{"line":72,"column":41},"end":{"line":91,"column":1}},"11":{"start":{"line":82,"column":31},"end":{"line":82,"column":60}},"12":{"start":{"line":82,"column":45},"end":{"line":82,"column":60}},"13":{"start":{"line":84,"column":4},"end":{"line":89,"column":5}}},"fnMap":{"0":{"name":"(anonymous_0)","decl":{"start":{"line":10,"column":24},"end":{"line":10,"column":25}},"loc":{"start":{"line":16,"column":3},"end":{"line":25,"column":1}},"line":16},"1":{"name":"(anonymous_1)","decl":{"start":{"line":18,"column":41},"end":{"line":18,"column":42}},"loc":{"start":{"line":18,"column":48},"end":{"line":23,"column":5}},"line":18},"2":{"name":"(anonymous_2)","decl":{"start":{"line":32,"column":34},"end":{"line":32,"column":35}},"loc":{"start":{"line":32,"column":60},"end":{"line":48,"column":1}},"line":32},"3":{"name":"(anonymous_3)","decl":{"start":{"line":37,"column":17},"end":{"line":37,"column":18}},"loc":{"start":{"line":37,"column":31},"end":{"line":43,"column":9}},"line":37},"4":{"name":"(anonymous_4)","decl":{"start":{"line":54,"column":38},"end":{"line":54,"column":39}},"loc":{"start":{"line":58,"column":3},"end":{"line":66,"column":1}},"line":58},"5":{"name":"(anonymous_5)","decl":{"start":{"line":60,"column":22},"end":{"line":60,"column":23}},"loc":{"start":{"line":60,"column":41},"end":{"line":65,"column":5}},"line":60},"6":{"name":"(anonymous_6)","decl":{"start":{"line":72,"column":41},"end":{"line":72,"column":42}},"loc":{"start":{"line":79,"column":4},"end":{"line":91,"column":1}},"line":79},"7":{"name":"(anonymous_7)","decl":{"start":{"line":82,"column":31},"end":{"line":82,"column":32}},"loc":{"start":{"line":82,"column":45},"end":{"line":82,"column":60}},"line":82}},"branchMap":{},"s":{"0":2,"1":1,"2":100,"3":2,"4":101,"5":101,"6":101,"7":2,"8":1,"9":100,"10":2,"11":1,"12":1,"13":1},"f":{"0":1,"1":100,"2":101,"3":101,"4":1,"5":100,"6":1,"7":1},"b":{},"_coverageSchema":"1a1c01bbd47fc00a2c39e90264f33305004495a9","hash":"1abbfe2e011f6c32ffa3e7bbeeb895800b2e7ad4"}
,"/Users/lmonninger/Desktop/Dev/pay-portal/packages/rgfm/src/__test__/getReactFiber.tsx": {"path":"/Users/lmonninger/Desktop/Dev/pay-portal/packages/rgfm/src/__test__/getReactFiber.tsx","statementMap":{"0":{"start":{"line":1,"column":29},"end":{"line":13,"column":1}},"1":{"start":{"line":5,"column":25},"end":{"line":9,"column":6}},"2":{"start":{"line":7,"column":8},"end":{"line":7,"column":75}},"3":{"start":{"line":11,"column":4},"end":{"line":11,"column":66}}},"fnMap":{"0":{"name":"(anonymous_0)","decl":{"start":{"line":1,"column":29},"end":{"line":1,"column":30}},"loc":{"start":{"line":3,"column":3},"end":{"line":13,"column":1}},"line":3},"1":{"name":"(anonymous_1)","decl":{"start":{"line":5,"column":49},"end":{"line":5,"column":50}},"loc":{"start":{"line":5,"column":56},"end":{"line":9,"column":5}},"line":5}},"branchMap":{"0":{"loc":{"start":{"line":7,"column":15},"end":{"line":7,"column":75}},"type":"binary-expr","locations":[{"start":{"line":7,"column":15},"end":{"line":7,"column":45}},{"start":{"line":7,"column":49},"end":{"line":7,"column":75}}],"line":7},"1":{"loc":{"start":{"line":11,"column":11},"end":{"line":11,"column":65}},"type":"cond-expr","locations":[{"start":{"line":11,"column":33},"end":{"line":11,"column":53}},{"start":{"line":11,"column":56},"end":{"line":11,"column":65}}],"line":11}},"s":{"0":1,"1":100,"2":200,"3":100},"f":{"0":100,"1":200},"b":{"0":[200,100],"1":[100,0]},"_coverageSchema":"1a1c01bbd47fc00a2c39e90264f33305004495a9","hash":"e0c7b19f70e610ac3efb6e8c0ccb6803e7624205"}
}
