{"/Users/l-monninger/Desktop/dev/rgfm/src/Rgfm/getComponentMembers.ts": {"path":"/Users/l-monninger/Desktop/dev/rgfm/src/Rgfm/getComponentMembers.ts","statementMap":{"0":{"start":{"line":11,"column":8},"end":{"line":11,"column":16}},"1":{"start":{"line":13,"column":8},"end":{"line":15,"column":9}},"2":{"start":{"line":14,"column":12},"end":{"line":14,"column":69}},"3":{"start":{"line":16,"column":8},"end":{"line":16,"column":49}},"4":{"start":{"line":17,"column":8},"end":{"line":17,"column":150}},"5":{"start":{"line":34,"column":34},"end":{"line":61,"column":1}},"6":{"start":{"line":38,"column":4},"end":{"line":40,"column":5}},"7":{"start":{"line":39,"column":8},"end":{"line":39,"column":25}},"8":{"start":{"line":42,"column":26},"end":{"line":51,"column":19}},"9":{"start":{"line":45,"column":16},"end":{"line":49,"column":25}},"10":{"start":{"line":55,"column":4},"end":{"line":57,"column":5}},"11":{"start":{"line":56,"column":8},"end":{"line":56,"column":51}},"12":{"start":{"line":59,"column":4},"end":{"line":59,"column":62}},"13":{"start":{"line":69,"column":36},"end":{"line":81,"column":1}},"14":{"start":{"line":74,"column":4},"end":{"line":79,"column":10}},"15":{"start":{"line":75,"column":8},"end":{"line":78,"column":9}}},"fnMap":{"0":{"name":"(anonymous_0)","decl":{"start":{"line":10,"column":4},"end":{"line":10,"column":5}},"loc":{"start":{"line":10,"column":35},"end":{"line":18,"column":5}},"line":10},"1":{"name":"(anonymous_1)","decl":{"start":{"line":34,"column":34},"end":{"line":34,"column":35}},"loc":{"start":{"line":36,"column":34},"end":{"line":61,"column":1}},"line":36},"2":{"name":"(anonymous_2)","decl":{"start":{"line":43,"column":46},"end":{"line":43,"column":47}},"loc":{"start":{"line":43,"column":55},"end":{"line":51,"column":13}},"line":43},"3":{"name":"(anonymous_3)","decl":{"start":{"line":69,"column":36},"end":{"line":69,"column":37}},"loc":{"start":{"line":72,"column":18},"end":{"line":81,"column":1}},"line":72},"4":{"name":"(anonymous_4)","decl":{"start":{"line":74,"column":39},"end":{"line":74,"column":40}},"loc":{"start":{"line":74,"column":58},"end":{"line":79,"column":5}},"line":74}},"branchMap":{"0":{"loc":{"start":{"line":13,"column":8},"end":{"line":15,"column":9}},"type":"if","locations":[{"start":{"line":13,"column":8},"end":{"line":15,"column":9}},{"start":{"line":13,"column":8},"end":{"line":15,"column":9}}],"line":13},"1":{"loc":{"start":{"line":38,"column":4},"end":{"line":40,"column":5}},"type":"if","locations":[{"start":{"line":38,"column":4},"end":{"line":40,"column":5}},{"start":{"line":38,"column":4},"end":{"line":40,"column":5}}],"line":38},"2":{"loc":{"start":{"line":42,"column":26},"end":{"line":51,"column":19}},"type":"cond-expr","locations":[{"start":{"line":43,"column":12},"end":{"line":51,"column":14}},{"start":{"line":51,"column":17},"end":{"line":51,"column":19}}],"line":42},"3":{"loc":{"start":{"line":45,"column":23},"end":{"line":49,"column":25}},"type":"cond-expr","locations":[{"start":{"line":46,"column":20},"end":{"line":48,"column":21}},{"start":{"line":49,"column":20},"end":{"line":49,"column":25}}],"line":45},"4":{"loc":{"start":{"line":46,"column":20},"end":{"line":48,"column":21}},"type":"cond-expr","locations":[{"start":{"line":46,"column":47},"end":{"line":46,"column":80}},{"start":{"line":47,"column":24},"end":{"line":47,"column":106}}],"line":46},"5":{"loc":{"start":{"line":47,"column":24},"end":{"line":47,"column":106}},"type":"cond-expr","locations":[{"start":{"line":47,"column":58},"end":{"line":47,"column":98}},{"start":{"line":47,"column":101},"end":{"line":47,"column":106}}],"line":47},"6":{"loc":{"start":{"line":55,"column":4},"end":{"line":57,"column":5}},"type":"if","locations":[{"start":{"line":55,"column":4},"end":{"line":57,"column":5}},{"start":{"line":55,"column":4},"end":{"line":57,"column":5}}],"line":55},"7":{"loc":{"start":{"line":59,"column":11},"end":{"line":59,"column":62}},"type":"cond-expr","locations":[{"start":{"line":59,"column":34},"end":{"line":59,"column":50}},{"start":{"line":59,"column":53},"end":{"line":59,"column":62}}],"line":59}},"s":{"0":0,"1":0,"2":0,"3":0,"4":0,"5":1,"6":100,"7":0,"8":100,"9":10000,"10":100,"11":0,"12":100,"13":1,"14":0,"15":0},"f":{"0":0,"1":100,"2":10000,"3":0,"4":0},"b":{"0":[0,0],"1":[0,100],"2":[100,0],"3":[10000,0],"4":[10000,0],"5":[0,0],"6":[0,100],"7":[100,0]},"_coverageSchema":"1a1c01bbd47fc00a2c39e90264f33305004495a9","hash":"00137e22ff478177f72ad70b9a7e16084c16b51b"}
,"/Users/l-monninger/Desktop/dev/rgfm/src/__test__/generateComponentMembers.tsx": {"path":"/Users/l-monninger/Desktop/dev/rgfm/src/__test__/generateComponentMembers.tsx","statementMap":{"0":{"start":{"line":10,"column":24},"end":{"line":25,"column":1}},"1":{"start":{"line":18,"column":4},"end":{"line":23,"column":10}},"2":{"start":{"line":19,"column":8},"end":{"line":22,"column":9}},"3":{"start":{"line":32,"column":34},"end":{"line":52,"column":1}},"4":{"start":{"line":36,"column":7},"end":{"line":44,"column":5}},"5":{"start":{"line":39,"column":12},"end":{"line":41,"column":13}},"6":{"start":{"line":46,"column":17},"end":{"line":46,"column":25}},"7":{"start":{"line":48,"column":4},"end":{"line":48,"column":27}},"8":{"start":{"line":50,"column":4},"end":{"line":50,"column":16}},"9":{"start":{"line":58,"column":38},"end":{"line":70,"column":1}},"10":{"start":{"line":64,"column":4},"end":{"line":69,"column":40}},"11":{"start":{"line":65,"column":8},"end":{"line":68,"column":9}},"12":{"start":{"line":76,"column":41},"end":{"line":95,"column":1}},"13":{"start":{"line":86,"column":31},"end":{"line":86,"column":60}},"14":{"start":{"line":86,"column":45},"end":{"line":86,"column":60}},"15":{"start":{"line":88,"column":4},"end":{"line":93,"column":5}}},"fnMap":{"0":{"name":"(anonymous_0)","decl":{"start":{"line":10,"column":24},"end":{"line":10,"column":25}},"loc":{"start":{"line":16,"column":3},"end":{"line":25,"column":1}},"line":16},"1":{"name":"(anonymous_1)","decl":{"start":{"line":18,"column":41},"end":{"line":18,"column":42}},"loc":{"start":{"line":18,"column":48},"end":{"line":23,"column":5}},"line":18},"2":{"name":"(anonymous_2)","decl":{"start":{"line":32,"column":34},"end":{"line":32,"column":35}},"loc":{"start":{"line":32,"column":60},"end":{"line":52,"column":1}},"line":32},"3":{"name":"(anonymous_3)","decl":{"start":{"line":37,"column":17},"end":{"line":37,"column":18}},"loc":{"start":{"line":37,"column":31},"end":{"line":43,"column":9}},"line":37},"4":{"name":"(anonymous_4)","decl":{"start":{"line":58,"column":38},"end":{"line":58,"column":39}},"loc":{"start":{"line":62,"column":3},"end":{"line":70,"column":1}},"line":62},"5":{"name":"(anonymous_5)","decl":{"start":{"line":64,"column":22},"end":{"line":64,"column":23}},"loc":{"start":{"line":64,"column":41},"end":{"line":69,"column":5}},"line":64},"6":{"name":"(anonymous_6)","decl":{"start":{"line":76,"column":41},"end":{"line":76,"column":42}},"loc":{"start":{"line":83,"column":4},"end":{"line":95,"column":1}},"line":83},"7":{"name":"(anonymous_7)","decl":{"start":{"line":86,"column":31},"end":{"line":86,"column":32}},"loc":{"start":{"line":86,"column":45},"end":{"line":86,"column":60}},"line":86}},"branchMap":{},"s":{"0":2,"1":1,"2":100,"3":2,"4":101,"5":101,"6":101,"7":101,"8":101,"9":2,"10":1,"11":100,"12":2,"13":1,"14":1,"15":1},"f":{"0":1,"1":100,"2":101,"3":101,"4":1,"5":100,"6":1,"7":1},"b":{},"_coverageSchema":"1a1c01bbd47fc00a2c39e90264f33305004495a9","hash":"b13f6ed12c918a471b864b6117d5158dd946d9ae"}
,"/Users/l-monninger/Desktop/dev/rgfm/src/__test__/getReactFiber.tsx": {"path":"/Users/l-monninger/Desktop/dev/rgfm/src/__test__/getReactFiber.tsx","statementMap":{"0":{"start":{"line":1,"column":29},"end":{"line":13,"column":1}},"1":{"start":{"line":5,"column":25},"end":{"line":9,"column":6}},"2":{"start":{"line":7,"column":8},"end":{"line":7,"column":75}},"3":{"start":{"line":11,"column":4},"end":{"line":11,"column":66}}},"fnMap":{"0":{"name":"(anonymous_0)","decl":{"start":{"line":1,"column":29},"end":{"line":1,"column":30}},"loc":{"start":{"line":3,"column":3},"end":{"line":13,"column":1}},"line":3},"1":{"name":"(anonymous_1)","decl":{"start":{"line":5,"column":49},"end":{"line":5,"column":50}},"loc":{"start":{"line":5,"column":56},"end":{"line":9,"column":5}},"line":5}},"branchMap":{"0":{"loc":{"start":{"line":7,"column":15},"end":{"line":7,"column":75}},"type":"binary-expr","locations":[{"start":{"line":7,"column":15},"end":{"line":7,"column":45}},{"start":{"line":7,"column":49},"end":{"line":7,"column":75}}],"line":7},"1":{"loc":{"start":{"line":11,"column":11},"end":{"line":11,"column":65}},"type":"cond-expr","locations":[{"start":{"line":11,"column":33},"end":{"line":11,"column":53}},{"start":{"line":11,"column":56},"end":{"line":11,"column":65}}],"line":11}},"s":{"0":1,"1":100,"2":200,"3":100},"f":{"0":100,"1":200},"b":{"0":[200,100],"1":[100,0]},"_coverageSchema":"1a1c01bbd47fc00a2c39e90264f33305004495a9","hash":"0fdf8228d1ac66d6eb90799838e83b9cf9205305"}
}
