TN:
SF:src/Rgfm/getComponentMembers.ts
FN:16,(anonymous_0)
FN:25,(anonymous_1)
FN:51,(anonymous_2)
FN:56,(anonymous_3)
FNF:4
FNH:2
FNDA:100,(anonymous_0)
FNDA:10000,(anonymous_1)
FNDA:0,(anonymous_2)
FNDA:0,(anonymous_3)
DA:16,1
DA:20,100
DA:21,0
DA:24,100
DA:27,10000
DA:37,100
DA:38,0
DA:41,100
DA:51,1
DA:56,0
DA:57,0
LF:11
LH:7
BRDA:20,0,0,0
BRDA:20,0,1,100
BRDA:24,1,0,100
BRDA:24,1,1,0
BRDA:27,2,0,10000
BRDA:27,2,1,0
BRDA:28,3,0,10000
BRDA:28,3,1,0
BRDA:29,4,0,0
BRDA:29,4,1,0
BRDA:37,5,0,0
BRDA:37,5,1,100
BRDA:41,6,0,100
BRDA:41,6,1,0
BRF:14
BRH:6
end_of_record
TN:
SF:src/__test__/generateComponentMembers.tsx
FN:10,(anonymous_0)
FN:18,(anonymous_1)
FN:32,(anonymous_2)
FN:37,(anonymous_3)
FN:54,(anonymous_4)
FN:60,(anonymous_5)
FN:72,(anonymous_6)
FN:82,(anonymous_7)
FNF:8
FNH:8
FNDA:1,(anonymous_0)
FNDA:100,(anonymous_1)
FNDA:101,(anonymous_2)
FNDA:101,(anonymous_3)
FNDA:1,(anonymous_4)
FNDA:100,(anonymous_5)
FNDA:1,(anonymous_6)
FNDA:1,(anonymous_7)
DA:10,2
DA:18,1
DA:19,100
DA:32,2
DA:36,101
DA:39,101
DA:46,101
DA:54,2
DA:60,1
DA:61,100
DA:72,2
DA:82,1
DA:84,1
LF:13
LH:13
BRF:0
BRH:0
end_of_record
TN:
SF:src/__test__/getReactFiber.tsx
FN:1,(anonymous_0)
FN:5,(anonymous_1)
FNF:2
FNH:2
FNDA:100,(anonymous_0)
FNDA:200,(anonymous_1)
DA:1,1
DA:5,100
DA:7,200
DA:11,100
LF:4
LH:4
BRDA:7,0,0,200
BRDA:7,0,1,100
BRDA:11,1,0,100
BRDA:11,1,1,0
BRF:4
BRH:3
end_of_record
