TN:
SF:src/Rgfm/getComponentMembers.ts
FN:10,(anonymous_0)
FN:38,(anonymous_1)
FN:47,(anonymous_2)
FN:73,(anonymous_3)
FN:78,(anonymous_4)
FNF:5
FNH:2
FNDA:0,(anonymous_0)
FNDA:100,(anonymous_1)
FNDA:10000,(anonymous_2)
FNDA:0,(anonymous_3)
FNDA:0,(anonymous_4)
DA:11,0
DA:13,0
DA:14,0
DA:16,0
DA:17,0
DA:38,1
DA:42,100
DA:43,0
DA:46,100
DA:49,10000
DA:59,100
DA:60,0
DA:63,100
DA:73,1
DA:78,0
DA:79,0
LF:16
LH:7
BRDA:13,0,0,0
BRDA:13,0,1,0
BRDA:42,1,0,0
BRDA:42,1,1,100
BRDA:46,2,0,100
BRDA:46,2,1,0
BRDA:49,3,0,0
BRDA:49,3,1,10000
BRDA:50,4,0,0
BRDA:50,4,1,0
BRDA:51,5,0,0
BRDA:51,5,1,0
BRDA:59,6,0,0
BRDA:59,6,1,100
BRDA:63,7,0,0
BRDA:63,7,1,100
BRF:16
BRH:5
end_of_record
TN:
SF:src/__test__/generateComponentMembers.tsx
FN:11,(anonymous_0)
FN:19,(anonymous_1)
FN:33,(anonymous_2)
FN:38,(anonymous_3)
FN:60,(anonymous_4)
FN:66,(anonymous_5)
FN:78,(anonymous_6)
FN:88,(anonymous_7)
FNF:8
FNH:8
FNDA:1,(anonymous_0)
FNDA:100,(anonymous_1)
FNDA:101,(anonymous_2)
FNDA:101,(anonymous_3)
FNDA:1,(anonymous_4)
FNDA:100,(anonymous_5)
FNDA:1,(anonymous_6)
FNDA:1,(anonymous_7)
DA:11,2
DA:19,1
DA:20,100
DA:33,2
DA:37,101
DA:40,101
DA:47,101
DA:49,101
DA:50,101
DA:52,101
DA:60,2
DA:66,1
DA:67,100
DA:78,2
DA:88,1
DA:90,1
LF:16
LH:16
BRF:0
BRH:0
end_of_record
TN:
SF:src/__test__/getReactFiber.tsx
FN:1,(anonymous_0)
FN:5,(anonymous_1)
FNF:2
FNH:2
FNDA:100,(anonymous_0)
FNDA:200,(anonymous_1)
DA:1,1
DA:5,100
DA:7,200
DA:11,100
LF:4
LH:4
BRDA:7,0,0,200
BRDA:7,0,1,100
BRDA:11,1,0,100
BRDA:11,1,1,0
BRF:4
BRH:3
end_of_record
